<?xml version="1.0" encoding="UTF-8"?>
<testng-results ignored="0" total="2" passed="2" failed="0" skipped="0">
  <reporter-output>
  </reporter-output>
  <suite started-at="2024-12-22T12:58:33 IST" name="Suite" finished-at="2024-12-22T12:59:18 IST" duration-ms="44913">
    <groups>
      <group name="Master">
        <method signature="TC001_AccountRegistrationTest.Verify_Account_Registration()[pri:0, instance:testCases.TC001_AccountRegistrationTest@41d477ed]" name="Verify_Account_Registration" class="testCases.TC001_AccountRegistrationTest"/>
        <method signature="TC002_LoginTest.Verify_Login()[pri:0, instance:testCases.TC002_LoginTest@5fe94a96]" name="Verify_Login" class="testCases.TC002_LoginTest"/>
      </group> <!-- Master -->
      <group name="Sanity">
        <method signature="TC002_LoginTest.Verify_Login()[pri:0, instance:testCases.TC002_LoginTest@5fe94a96]" name="Verify_Login" class="testCases.TC002_LoginTest"/>
      </group> <!-- Sanity -->
      <group name="Regression">
        <method signature="TC001_AccountRegistrationTest.Verify_Account_Registration()[pri:0, instance:testCases.TC001_AccountRegistrationTest@41d477ed]" name="Verify_Account_Registration" class="testCases.TC001_AccountRegistrationTest"/>
      </group> <!-- Regression -->
    </groups>
    <test started-at="2024-12-22T12:58:33 IST" name="chrome" finished-at="2024-12-22T12:59:18 IST" duration-ms="44913">
      <class name="testCases.TC002_LoginTest">
        <test-method is-config="true" signature="setup(java.lang.String,java.lang.String)[pri:0, instance:testCases.TC002_LoginTest@5fe94a96]" started-at="2024-12-22T12:58:57 IST" name="setup" finished-at="2024-12-22T12:59:15 IST" duration-ms="18209" status="PASS">
          <params>
            <param index="0">
              <value>
                <![CDATA[Linux]]>
              </value>
            </param>
            <param index="1">
              <value>
                <![CDATA[chrome]]>
              </value>
            </param>
          </params>
          <reporter-output>
          </reporter-output>
        </test-method> <!-- setup -->
        <test-method signature="Verify_Login()[pri:0, instance:testCases.TC002_LoginTest@5fe94a96]" started-at="2024-12-22T12:59:15 IST" name="Verify_Login" finished-at="2024-12-22T12:59:17 IST" duration-ms="2420" status="PASS">
          <reporter-output>
          </reporter-output>
        </test-method> <!-- Verify_Login -->
        <test-method is-config="true" signature="tearDown()[pri:0, instance:testCases.TC002_LoginTest@5fe94a96]" started-at="2024-12-22T12:59:17 IST" name="tearDown" finished-at="2024-12-22T12:59:18 IST" duration-ms="684" status="PASS">
          <reporter-output>
          </reporter-output>
        </test-method> <!-- tearDown -->
      </class> <!-- testCases.TC002_LoginTest -->
      <class name="testCases.TC001_AccountRegistrationTest">
        <test-method is-config="true" signature="setup(java.lang.String,java.lang.String)[pri:0, instance:testCases.TC001_AccountRegistrationTest@41d477ed]" started-at="2024-12-22T12:58:34 IST" name="setup" finished-at="2024-12-22T12:58:53 IST" duration-ms="19367" status="PASS">
          <params>
            <param index="0">
              <value>
                <![CDATA[Linux]]>
              </value>
            </param>
            <param index="1">
              <value>
                <![CDATA[chrome]]>
              </value>
            </param>
          </params>
          <reporter-output>
          </reporter-output>
        </test-method> <!-- setup -->
        <test-method signature="Verify_Account_Registration()[pri:0, instance:testCases.TC001_AccountRegistrationTest@41d477ed]" started-at="2024-12-22T12:58:53 IST" name="Verify_Account_Registration" finished-at="2024-12-22T12:58:56 IST" duration-ms="3117" status="PASS">
          <reporter-output>
          </reporter-output>
        </test-method> <!-- Verify_Account_Registration -->
        <test-method is-config="true" signature="tearDown()[pri:0, instance:testCases.TC001_AccountRegistrationTest@41d477ed]" started-at="2024-12-22T12:58:56 IST" name="tearDown" finished-at="2024-12-22T12:58:57 IST" duration-ms="566" status="PASS">
          <reporter-output>
          </reporter-output>
        </test-method> <!-- tearDown -->
      </class> <!-- testCases.TC001_AccountRegistrationTest -->
    </test> <!-- chrome -->
  </suite> <!-- Suite -->
</testng-results>
